  Main.cpp
c:\users\gabz\documents\raytracer\newwork\mcgwork\mcg_gfx_framework\main.cpp(23): warning C4244: 'initializing': conversion from 'float' to 'int', possible loss of data
c:\users\gabz\documents\raytracer\newwork\mcgwork\mcg_gfx_framework\main.cpp(124): warning C4305: 'argument': truncation from 'double' to '_Ty'
          with
          [
              _Ty=float
          ]
c:\users\gabz\documents\raytracer\newwork\mcgwork\mcg_gfx_framework\main.cpp(125): warning C4305: 'argument': truncation from 'double' to '_Ty'
          with
          [
              _Ty=float
          ]
c:\users\gabz\documents\raytracer\newwork\mcgwork\mcg_gfx_framework\main.cpp(126): warning C4305: 'argument': truncation from 'double' to '_Ty'
          with
          [
              _Ty=float
          ]
c:\users\gabz\documents\raytracer\newwork\mcgwork\mcg_gfx_framework\main.cpp(232): warning C4101: 'key': unreferenced local variable
  Generating code
  0 of 377 functions ( 0.0%) were compiled, the rest were copied from previous compilation.
    0 functions were new in current compilation
    0 functions had inline decision re-evaluated but remain unchanged
  Finished generating code
  MCG_GFX_Framework.vcxproj -> C:\Users\Gabz\Documents\raytracer\NewWork\MCGwork\Release\MCG_GFX_Framework.exe
