\\bournemouth.ac.uk\data\student\home\scitech\s5006074\mcgwork\mcgwork\mcg_gfx_framework\debug\vc141.pdb
\\bournemouth.ac.uk\data\student\home\scitech\s5006074\mcgwork\mcgwork\mcg_gfx_framework\debug\vc141.idb
\\bournemouth.ac.uk\data\student\home\scitech\s5006074\mcgwork\mcgwork\mcg_gfx_framework\debug\trace.obj
\\bournemouth.ac.uk\data\student\home\scitech\s5006074\mcgwork\mcgwork\mcg_gfx_framework\debug\sphere.obj
\\bournemouth.ac.uk\data\student\home\scitech\s5006074\mcgwork\mcgwork\mcg_gfx_framework\debug\camera.obj
\\bournemouth.ac.uk\data\student\home\scitech\s5006074\mcgwork\mcgwork\mcg_gfx_framework\debug\mcg_gfx_lib.obj
\\bournemouth.ac.uk\data\student\home\scitech\s5006074\mcgwork\mcgwork\mcg_gfx_framework\debug\lightsource.obj
\\bournemouth.ac.uk\data\student\home\scitech\s5006074\mcgwork\mcgwork\mcg_gfx_framework\debug\geometry.obj
\\bournemouth.ac.uk\data\student\home\scitech\s5006074\mcgwork\mcgwork\mcg_gfx_framework\debug\main.obj
\\bournemouth.ac.uk\data\student\home\scitech\s5006074\mcgwork\mcgwork\debug\mcg_gfx_framework.exe
\\bournemouth.ac.uk\data\student\home\scitech\s5006074\mcgwork\mcgwork\debug\mcg_gfx_framework.pdb
h:\mcgwork\mcgwork\mcg_gfx_framework\debug\camera.obj
h:\mcgwork\mcgwork\mcg_gfx_framework\debug\geometry.obj
h:\mcgwork\mcgwork\mcg_gfx_framework\debug\lightsource.obj
h:\mcgwork\mcgwork\mcg_gfx_framework\debug\main.obj
h:\mcgwork\mcgwork\mcg_gfx_framework\debug\mcg_gfx_lib.obj
h:\mcgwork\mcgwork\mcg_gfx_framework\debug\sphere.obj
h:\mcgwork\mcgwork\mcg_gfx_framework\debug\trace.obj
h:\mcgwork\mcgwork\mcg_gfx_framework\debug\vc141.idb
h:\mcgwork\mcgwork\mcg_gfx_framework\debug\vc141.pdb
h:\mcgwork\mcgwork\debug\mcg_gfx_framework.pdb
h:\mcgwork\mcgwork\debug\mcg_gfx_framework.exe
h:\mcgwork\mcgwork\mcg_gfx_framework\debug\mcg_gfx_.edae6090.tlog\cl.command.1.tlog
h:\mcgwork\mcgwork\mcg_gfx_framework\debug\mcg_gfx_.edae6090.tlog\cl.read.1.tlog
h:\mcgwork\mcgwork\mcg_gfx_framework\debug\mcg_gfx_.edae6090.tlog\cl.write.1.tlog
h:\mcgwork\mcgwork\mcg_gfx_framework\debug\mcg_gfx_.edae6090.tlog\link.command.1.tlog
h:\mcgwork\mcgwork\mcg_gfx_framework\debug\mcg_gfx_.edae6090.tlog\link.read.1.tlog
h:\mcgwork\mcgwork\mcg_gfx_framework\debug\mcg_gfx_.edae6090.tlog\link.write.1.tlog
